<?xml version="1.0" encoding="UTF-8"?>
<testsuite xmlns:xsi="http://www.w3.org/2001/XMLSchema-instance" xsi:noNamespaceSchemaLocation="https://maven.apache.org/surefire/maven-surefire-plugin/xsd/surefire-test-report-3.0.xsd" version="3.0" name="com.JK.databasePostgreSQL.dao.impl.BookDaoImplIntegrationTests" time="0.372" tests="4" errors="0" skipped="0" failures="0">
  <properties>
[...]
</properties>
  <testcase name="testThatBookCanBeCreatedAndRecalled" classname="com.JK.databasePostgreSQL.dao.impl.BookDaoImplIntegrationTests" time="0.004">
    <system-out><![CDATA[2024-04-06T01:29:21.738+02:00  INFO 6648 --- [           main] t.c.s.AnnotationConfigContextLoaderUtils : Could not detect default configuration classes for test class [com.JK.databasePostgreSQL.dao.impl.BookDaoImplIntegrationTests]: BookDaoImplIntegrationTests does not declare any static, non-private, non-final, nested classes annotated with @Configuration.
2024-04-06T01:29:21.740+02:00  INFO 6648 --- [           main] .b.t.c.SpringBootTestContextBootstrapper : Found @SpringBootConfiguration com.JK.databasePostgreSQL.DatabasePostgreSqlApplication for test class com.JK.databasePostgreSQL.dao.impl.BookDaoImplIntegrationTests

  .   ____          _            __ _ _
 /\\ / ___'_ __ _ _(_)_ __  __ _ \ \ \ \
( ( )\___ | '_ | '_| | '_ \/ _` | \ \ \ \
 \\/  ___)| |_)| | | | | || (_| |  ) ) ) )
  '  |____| .__|_| |_|_| |_\__, | / / / /
 =========|_|==============|___/=/_/_/_/
 :: Spring Boot ::                (v3.2.3)

2024-04-06T01:29:21.756+02:00  INFO 6648 --- [           main] c.J.d.d.i.BookDaoImplIntegrationTests    : Starting BookDaoImplIntegrationTests using Java 20.0.2 with PID 6648 (started by jkhamroev in /Users/jkhamroev/Programming_Languages/for_Java/SpringBoot/databasePostgreSQL)
2024-04-06T01:29:21.756+02:00  INFO 6648 --- [           main] c.J.d.d.i.BookDaoImplIntegrationTests    : No active profile set, falling back to 1 default profile: "default"
2024-04-06T01:29:21.813+02:00  INFO 6648 --- [           main] com.zaxxer.hikari.HikariDataSource       : HikariPool-5 - Starting...
2024-04-06T01:29:21.815+02:00  INFO 6648 --- [           main] com.zaxxer.hikari.pool.HikariPool        : HikariPool-5 - Added connection conn10: url=jdbc:h2:mem:testdb user=SA
2024-04-06T01:29:21.815+02:00  INFO 6648 --- [           main] com.zaxxer.hikari.HikariDataSource       : HikariPool-5 - Start completed.
2024-04-06T01:29:21.836+02:00  INFO 6648 --- [           main] c.J.d.d.i.BookDaoImplIntegrationTests    : Started BookDaoImplIntegrationTests in 0.094 seconds (process running for 2.789)
2024-04-06T01:29:21.840+02:00  INFO 6648 --- [           main] com.zaxxer.hikari.HikariDataSource       : HikariPool-5 - Shutdown initiated...
2024-04-06T01:29:21.841+02:00  INFO 6648 --- [           main] com.zaxxer.hikari.HikariDataSource       : HikariPool-5 - Shutdown completed.
]]></system-out>
  </testcase>
  <testcase name="testThatBooksCanBeDeleted" classname="com.JK.databasePostgreSQL.dao.impl.BookDaoImplIntegrationTests" time="0.004">
    <system-out><![CDATA[
  .   ____          _            __ _ _
 /\\ / ___'_ __ _ _(_)_ __  __ _ \ \ \ \
( ( )\___ | '_ | '_| | '_ \/ _` | \ \ \ \
 \\/  ___)| |_)| | | | | || (_| |  ) ) ) )
  '  |____| .__|_| |_|_| |_\__, | / / / /
 =========|_|==============|___/=/_/_/_/
 :: Spring Boot ::                (v3.2.3)

2024-04-06T01:29:21.853+02:00  INFO 6648 --- [           main] c.J.d.d.i.BookDaoImplIntegrationTests    : Starting BookDaoImplIntegrationTests using Java 20.0.2 with PID 6648 (started by jkhamroev in /Users/jkhamroev/Programming_Languages/for_Java/SpringBoot/databasePostgreSQL)
2024-04-06T01:29:21.853+02:00  INFO 6648 --- [           main] c.J.d.d.i.BookDaoImplIntegrationTests    : No active profile set, falling back to 1 default profile: "default"
2024-04-06T01:29:21.906+02:00  INFO 6648 --- [           main] com.zaxxer.hikari.HikariDataSource       : HikariPool-6 - Starting...
2024-04-06T01:29:21.908+02:00  INFO 6648 --- [           main] com.zaxxer.hikari.pool.HikariPool        : HikariPool-6 - Added connection conn11: url=jdbc:h2:mem:testdb user=SA
2024-04-06T01:29:21.908+02:00  INFO 6648 --- [           main] com.zaxxer.hikari.HikariDataSource       : HikariPool-6 - Start completed.
2024-04-06T01:29:21.928+02:00  INFO 6648 --- [           main] c.J.d.d.i.BookDaoImplIntegrationTests    : Started BookDaoImplIntegrationTests in 0.086 seconds (process running for 2.881)
2024-04-06T01:29:21.933+02:00  INFO 6648 --- [           main] com.zaxxer.hikari.HikariDataSource       : HikariPool-6 - Shutdown initiated...
2024-04-06T01:29:21.934+02:00  INFO 6648 --- [           main] com.zaxxer.hikari.HikariDataSource       : HikariPool-6 - Shutdown completed.
]]></system-out>
  </testcase>
  <testcase name="testThatMultipleBooksCanBeCreatedAndRecalled" classname="com.JK.databasePostgreSQL.dao.impl.BookDaoImplIntegrationTests" time="0.004">
    <system-out><![CDATA[
  .   ____          _            __ _ _
 /\\ / ___'_ __ _ _(_)_ __  __ _ \ \ \ \
( ( )\___ | '_ | '_| | '_ \/ _` | \ \ \ \
 \\/  ___)| |_)| | | | | || (_| |  ) ) ) )
  '  |____| .__|_| |_|_| |_\__, | / / / /
 =========|_|==============|___/=/_/_/_/
 :: Spring Boot ::                (v3.2.3)

2024-04-06T01:29:21.944+02:00  INFO 6648 --- [           main] c.J.d.d.i.BookDaoImplIntegrationTests    : Starting BookDaoImplIntegrationTests using Java 20.0.2 with PID 6648 (started by jkhamroev in /Users/jkhamroev/Programming_Languages/for_Java/SpringBoot/databasePostgreSQL)
2024-04-06T01:29:21.945+02:00  INFO 6648 --- [           main] c.J.d.d.i.BookDaoImplIntegrationTests    : No active profile set, falling back to 1 default profile: "default"
2024-04-06T01:29:21.998+02:00  INFO 6648 --- [           main] com.zaxxer.hikari.HikariDataSource       : HikariPool-7 - Starting...
2024-04-06T01:29:21.999+02:00  INFO 6648 --- [           main] com.zaxxer.hikari.pool.HikariPool        : HikariPool-7 - Added connection conn12: url=jdbc:h2:mem:testdb user=SA
2024-04-06T01:29:21.999+02:00  INFO 6648 --- [           main] com.zaxxer.hikari.HikariDataSource       : HikariPool-7 - Start completed.
2024-04-06T01:29:22.018+02:00  INFO 6648 --- [           main] c.J.d.d.i.BookDaoImplIntegrationTests    : Started BookDaoImplIntegrationTests in 0.083 seconds (process running for 2.971)
2024-04-06T01:29:22.022+02:00  INFO 6648 --- [           main] com.zaxxer.hikari.HikariDataSource       : HikariPool-7 - Shutdown initiated...
2024-04-06T01:29:22.023+02:00  INFO 6648 --- [           main] com.zaxxer.hikari.HikariDataSource       : HikariPool-7 - Shutdown completed.
]]></system-out>
  </testcase>
  <testcase name="testThatMultipleBooksCanBeUpdated" classname="com.JK.databasePostgreSQL.dao.impl.BookDaoImplIntegrationTests" time="0.005">
    <system-out><![CDATA[
  .   ____          _            __ _ _
 /\\ / ___'_ __ _ _(_)_ __  __ _ \ \ \ \
( ( )\___ | '_ | '_| | '_ \/ _` | \ \ \ \
 \\/  ___)| |_)| | | | | || (_| |  ) ) ) )
  '  |____| .__|_| |_|_| |_\__, | / / / /
 =========|_|==============|___/=/_/_/_/
 :: Spring Boot ::                (v3.2.3)

2024-04-06T01:29:22.034+02:00  INFO 6648 --- [           main] c.J.d.d.i.BookDaoImplIntegrationTests    : Starting BookDaoImplIntegrationTests using Java 20.0.2 with PID 6648 (started by jkhamroev in /Users/jkhamroev/Programming_Languages/for_Java/SpringBoot/databasePostgreSQL)
2024-04-06T01:29:22.034+02:00  INFO 6648 --- [           main] c.J.d.d.i.BookDaoImplIntegrationTests    : No active profile set, falling back to 1 default profile: "default"
2024-04-06T01:29:22.084+02:00  INFO 6648 --- [           main] com.zaxxer.hikari.HikariDataSource       : HikariPool-8 - Starting...
2024-04-06T01:29:22.085+02:00  INFO 6648 --- [           main] com.zaxxer.hikari.pool.HikariPool        : HikariPool-8 - Added connection conn13: url=jdbc:h2:mem:testdb user=SA
2024-04-06T01:29:22.086+02:00  INFO 6648 --- [           main] com.zaxxer.hikari.HikariDataSource       : HikariPool-8 - Start completed.
2024-04-06T01:29:22.103+02:00  INFO 6648 --- [           main] c.J.d.d.i.BookDaoImplIntegrationTests    : Started BookDaoImplIntegrationTests in 0.079 seconds (process running for 3.056)
2024-04-06T01:29:22.108+02:00  INFO 6648 --- [           main] com.zaxxer.hikari.HikariDataSource       : HikariPool-8 - Shutdown initiated...
2024-04-06T01:29:22.108+02:00  INFO 6648 --- [           main] com.zaxxer.hikari.HikariDataSource       : HikariPool-8 - Shutdown completed.
]]></system-out>
  </testcase>
</testsuite>